INFO [2019-01-21 17:44:36] [[1]]
INFO [2019-01-21 17:44:36] all_spp
INFO [2019-01-21 17:44:36] 
INFO [2019-01-21 17:44:36] $filename
INFO [2019-01-21 17:44:36] NULL
INFO [2019-01-21 17:44:36] 
INFO [2019-01-21 17:44:36] $lty
INFO [2019-01-21 17:44:36] [1] "blank"
INFO [2019-01-21 17:44:36] 
INFO [2019-01-21 17:44:36] $cex
INFO [2019-01-21 17:44:36] [1] 1
INFO [2019-01-21 17:44:36] 
INFO [2019-01-21 17:44:36] $fontfamily
INFO [2019-01-21 17:44:36] [1] "sans"
INFO [2019-01-21 17:44:36] 
INFO [2019-01-21 17:44:36] $cat.pos
INFO [2019-01-21 17:44:36] c(-18, 18, 180)
INFO [2019-01-21 17:44:36] 
INFO [2019-01-21 17:44:36] $cat.dist
INFO [2019-01-21 17:44:36] c(0.07, 0.07, 0.05)
INFO [2019-01-21 17:44:36] 
INFO [2019-01-21 17:44:36] $cat.cex
INFO [2019-01-21 17:44:36] [1] 0.9
INFO [2019-01-21 17:44:36] 
INFO [2019-01-21 17:44:36] $cat.fontfamily
INFO [2019-01-21 17:44:36] [1] "sans"
INFO [2019-01-21 17:44:36] 
INFO [2019-01-21 17:44:36] $fill
INFO [2019-01-21 17:44:36] c("darkgreen", "orange", "red")
INFO [2019-01-21 17:44:36] 
