INFO [2020-03-06 15:31:18] [[1]]
INFO [2020-03-06 15:31:18] all_spp
INFO [2020-03-06 15:31:18] 
INFO [2020-03-06 15:31:18] $filename
INFO [2020-03-06 15:31:18] NULL
INFO [2020-03-06 15:31:18] 
INFO [2020-03-06 15:31:18] $lty
INFO [2020-03-06 15:31:18] [1] "blank"
INFO [2020-03-06 15:31:18] 
INFO [2020-03-06 15:31:18] $cex
INFO [2020-03-06 15:31:18] [1] 1
INFO [2020-03-06 15:31:18] 
INFO [2020-03-06 15:31:18] $fontfamily
INFO [2020-03-06 15:31:18] [1] "sans"
INFO [2020-03-06 15:31:18] 
INFO [2020-03-06 15:31:18] $cat.pos
INFO [2020-03-06 15:31:18] c(-18, 18, 180)
INFO [2020-03-06 15:31:18] 
INFO [2020-03-06 15:31:18] $cat.dist
INFO [2020-03-06 15:31:18] c(0.07, 0.07, 0.05)
INFO [2020-03-06 15:31:18] 
INFO [2020-03-06 15:31:18] $cat.cex
INFO [2020-03-06 15:31:18] [1] 0.9
INFO [2020-03-06 15:31:18] 
INFO [2020-03-06 15:31:18] $cat.fontfamily
INFO [2020-03-06 15:31:18] [1] "sans"
INFO [2020-03-06 15:31:18] 
INFO [2020-03-06 15:31:18] $fill
INFO [2020-03-06 15:31:18] c("darkgreen", "orange", "red")
INFO [2020-03-06 15:31:18] 
